C51 COMPILER V9.53.0.0   SERVO_MOTOR                                                       12/29/2018 13:04:12 PAGE 1   


C51 COMPILER V9.53.0.0, COMPILATION OF MODULE SERVO_MOTOR
OBJECT MODULE PLACED IN SERVO_MOTOR.OBJ
COMPILER INVOKED BY: C:\Keil_v5\C51\BIN\C51.EXE SERVO_MOTOR.c OPTIMIZE(8,SPEED) BROWSE DEBUG OBJECTEXTEND TABS(2)

line level    source

   1          #include<reg51.h>
   2          sbit SERVO_PIN=P2^0;
   3          
   4          void msdelay(unsigned int time)
   5          {
   6   1          unsigned i,j ;
   7   1          for(i=0;i<time;i++)    
   8   1          for(j=0;j<1275;j++);
   9   1      }
  10          
  11          void servo_delay(int times)
  12          {
  13   1          int m;
  14   1          for(m=0;m<times;m++)
  15   1          {
  16   2              TH0=0xFF;
  17   2              TL0=0xD2;
  18   2              TR0=1;
  19   2              while(TF0==0);
  20   2              TF0=0;
  21   2              TR0=0;
  22   2          }
  23   1      }
  24          
  25          void main()
  26          {
  27   1          int n;
  28   1          TMOD=0x01;                // Selecting Timer 0, Mode 1
  29   1          SERVO_PIN=0;
  30   1          while(1)
  31   1          {
  32   2              for(n=13;n<30;n=n+2)
  33   2              {
  34   3                  SERVO_PIN=1;
  35   3                  servo_delay(n);     
  36   3                  SERVO_PIN=0;
  37   3                  servo_delay(260);
  38   3                  msdelay(200);
  39   3              }
  40   2          }
  41   1      }


MODULE INFORMATION:   STATIC OVERLAYABLE
   CODE SIZE        =    120    ----
   CONSTANT SIZE    =   ----    ----
   XDATA SIZE       =   ----    ----
   PDATA SIZE       =   ----    ----
   DATA SIZE        =   ----    ----
   IDATA SIZE       =   ----    ----
   BIT SIZE         =   ----    ----
END OF MODULE INFORMATION.


C51 COMPILATION COMPLETE.  0 WARNING(S),  0 ERROR(S)
